Programacao_Aplicacoes_Moveis/exemplo_multipages/app/build/intermediates/manifest_merge_blame_file/debug/manifest-merger-blame-debug-report.txt
1<?xml version="1.0" encoding="utf-8"?>
2<manifest xmlns:android="http://schemas.android.com/apk/res/android"
3    package="com.example.bmi"
4    android:versionCode="1"
5    android:versionName="1.0" >
6
7    <uses-sdk
8        android:minSdkVersion="21"
8-->src\main\AndroidManifest.xml
9        android:targetSdkVersion="31" />
9-->src\main\AndroidManifest.xml
10
11    <application
11-->src\main\AndroidManifest.xml:5:5-33:19
12        android:allowBackup="true"
12-->src\main\AndroidManifest.xml:6:9-35
13        android:appComponentFactory="androidx.core.app.CoreComponentFactory"
13-->[androidx.core:core:1.3.1] AndroidManifest.xml:24:18-86
14        android:debuggable="true"
15        android:icon="@mipmap/ic_launcher"
15-->src\main\AndroidManifest.xml:7:9-43
16        android:label="@string/app_name"
16-->src\main\AndroidManifest.xml:8:9-41
17        android:roundIcon="@mipmap/ic_launcher_round"
17-->src\main\AndroidManifest.xml:9:9-54
18        android:supportsRtl="true"
18-->src\main\AndroidManifest.xml:10:9-35
19        android:testOnly="true"
20        android:theme="@style/Theme.BMI" >
20-->src\main\AndroidManifest.xml:11:9-41
21        <activity
21-->src\main\AndroidManifest.xml:12:9-14:40
22            android:name="com.example.bmi.activity_help"
22-->src\main\AndroidManifest.xml:13:13-42
23            android:exported="false" />
23-->src\main\AndroidManifest.xml:14:13-37
24        <activity
24-->src\main\AndroidManifest.xml:15:9-23:20
25            android:name="com.example.bmi.activity_result"
25-->src\main\AndroidManifest.xml:16:13-44
26            android:exported="true" >
26-->src\main\AndroidManifest.xml:17:13-36
27            <intent-filter>
27-->src\main\AndroidManifest.xml:18:13-22:29
28                <action android:name="android.intent.action.MAIN" />
28-->src\main\AndroidManifest.xml:19:17-69
28-->src\main\AndroidManifest.xml:19:25-66
29
30                <category android:name="android.intent.category.LAUNCHER" />
30-->src\main\AndroidManifest.xml:21:17-77
30-->src\main\AndroidManifest.xml:21:27-74
31            </intent-filter>
32        </activity>
33        <activity
33-->src\main\AndroidManifest.xml:24:9-32:20
34            android:name="com.example.bmi.MainActivity"
34-->src\main\AndroidManifest.xml:25:13-41
35            android:exported="true" >
35-->src\main\AndroidManifest.xml:26:13-36
36            <intent-filter>
36-->src\main\AndroidManifest.xml:18:13-22:29
37                <action android:name="android.intent.action.MAIN" />
37-->src\main\AndroidManifest.xml:19:17-69
37-->src\main\AndroidManifest.xml:19:25-66
38
39                <category android:name="android.intent.category.LAUNCHER" />
39-->src\main\AndroidManifest.xml:21:17-77
39-->src\main\AndroidManifest.xml:21:27-74
40            </intent-filter>
41        </activity>
42    </application>
43
44</manifest>